<?xml version="1.0" encoding="UTF-8"?>
<testsuite xmlns:xsi="http://www.w3.org/2001/XMLSchema-instance" xsi:noNamespaceSchemaLocation="https://maven.apache.org/surefire/maven-surefire-plugin/xsd/surefire-test-report.xsd" version="3.0.2" name="com.traffic.smart_traffic_backend.SmartTrafficBackendApplicationTests" time="19.573" tests="1" errors="0" skipped="0" failures="0" flakes="0">
  <properties>
[...]
</properties>
  <testcase name="contextLoads" classname="com.traffic.smart_traffic_backend.SmartTrafficBackendApplicationTests" time="0.984">
    <system-out><![CDATA[13:44:15.598 [main] INFO org.springframework.test.context.support.AnnotationConfigContextLoaderUtils -- Could not detect default configuration classes for test class [com.traffic.smart_traffic_backend.SmartTrafficBackendApplicationTests]: SmartTrafficBackendApplicationTests does not declare any static, non-private, non-final, nested classes annotated with @Configuration.
13:44:15.920 [main] INFO org.springframework.boot.test.context.SpringBootTestContextBootstrapper -- Found @SpringBootConfiguration com.traffic.smart_traffic_backend.SmartTrafficBackendApplication for test class com.traffic.smart_traffic_backend.SmartTrafficBackendApplicationTests

  .   ____          _            __ _ _
 /\\ / ___'_ __ _ _(_)_ __  __ _ \ \ \ \
( ( )\___ | '_ | '_| | '_ \/ _` | \ \ \ \
 \\/  ___)| |_)| | | | | || (_| |  ) ) ) )
  '  |____| .__|_| |_|_| |_\__, | / / / /
 =========|_|==============|___/=/_/_/_/

 :: Spring Boot ::               (v3.5.14)

2026-07-10T13:44:17.301+05:30  INFO 18984 --- [           main] .t.s.SmartTrafficBackendApplicationTests : Starting SmartTrafficBackendApplicationTests using Java 21.0.7 with PID 18984 (started by Saurav kumar in C:\Users\62063\Downloads\smart-traffic-backend\smart-traffic-backend)
2026-07-10T13:44:17.304+05:30  INFO 18984 --- [           main] .t.s.SmartTrafficBackendApplicationTests : No active profile set, falling back to 1 default profile: "default"
2026-07-10T13:44:19.329+05:30  INFO 18984 --- [           main] .s.d.r.c.RepositoryConfigurationDelegate : Bootstrapping Spring Data JPA repositories in DEFAULT mode.
2026-07-10T13:44:19.517+05:30  INFO 18984 --- [           main] .s.d.r.c.RepositoryConfigurationDelegate : Finished Spring Data repository scanning in 163 ms. Found 4 JPA repository interfaces.
2026-07-10T13:44:20.851+05:30  INFO 18984 --- [           main] o.hibernate.jpa.internal.util.LogHelper  : HHH000204: Processing PersistenceUnitInfo [name: default]
2026-07-10T13:44:21.117+05:30  INFO 18984 --- [           main] org.hibernate.Version                    : HHH000412: Hibernate ORM core version 6.6.49.Final
2026-07-10T13:44:21.227+05:30  INFO 18984 --- [           main] o.h.c.internal.RegionFactoryInitiator    : HHH000026: Second-level cache disabled
2026-07-10T13:44:22.165+05:30  INFO 18984 --- [           main] o.s.o.j.p.SpringPersistenceUnitInfo      : No LoadTimeWeaver setup: ignoring JPA class transformer
2026-07-10T13:44:22.256+05:30  INFO 18984 --- [           main] com.zaxxer.hikari.HikariDataSource       : HikariPool-1 - Starting...
2026-07-10T13:44:27.149+05:30  INFO 18984 --- [           main] com.zaxxer.hikari.pool.HikariPool        : HikariPool-1 - Added connection conn1: url=jdbc:h2:file:./trafficdb user=SA
2026-07-10T13:44:27.157+05:30  INFO 18984 --- [           main] com.zaxxer.hikari.HikariDataSource       : HikariPool-1 - Start completed.
2026-07-10T13:44:27.319+05:30  INFO 18984 --- [           main] org.hibernate.orm.connections.pooling    : HHH10001005: Database info:
	Database JDBC URL [Connecting through datasource 'HikariDataSource (HikariPool-1)']
	Database driver: undefined/unknown
	Database version: 2.3.232
	Autocommit mode: undefined/unknown
	Isolation level: undefined/unknown
	Minimum pool size: undefined/unknown
	Maximum pool size: undefined/unknown
2026-07-10T13:44:29.588+05:30  INFO 18984 --- [           main] o.h.e.t.j.p.i.JtaPlatformInitiator       : HHH000489: No JTA platform available (set 'hibernate.transaction.jta.platform' to enable JTA platform integration)
2026-07-10T13:44:29.703+05:30  INFO 18984 --- [           main] j.LocalContainerEntityManagerFactoryBean : Initialized JPA EntityManagerFactory for persistence unit 'default'
2026-07-10T13:44:31.416+05:30  WARN 18984 --- [           main] JpaBaseConfiguration$JpaWebConfiguration : spring.jpa.open-in-view is enabled by default. Therefore, database queries may be performed during view rendering. Explicitly configure spring.jpa.open-in-view to disable this warning
2026-07-10T13:44:31.528+05:30  WARN 18984 --- [           main] .s.s.UserDetailsServiceAutoConfiguration : 

Using generated security password: 0fa936d7-e34a-4cca-9f18-56878875245d

This generated password is for development use only. Your security configuration must be updated before running your application in production.

2026-07-10T13:44:31.572+05:30  INFO 18984 --- [           main] r$InitializeUserDetailsManagerConfigurer : Global AuthenticationManager configured with UserDetailsService bean with name inMemoryUserDetailsManager
2026-07-10T13:44:33.273+05:30  INFO 18984 --- [           main] o.s.b.a.h2.H2ConsoleAutoConfiguration    : H2 console available at '/h2-console'. Database available at 'jdbc:h2:file:./trafficdb'
2026-07-10T13:44:33.683+05:30  INFO 18984 --- [           main] o.s.m.s.b.SimpleBrokerMessageHandler     : Starting...
2026-07-10T13:44:33.684+05:30  INFO 18984 --- [           main] o.s.m.s.b.SimpleBrokerMessageHandler     : BrokerAvailabilityEvent[available=true, SimpleBrokerMessageHandler [org.springframework.messaging.simp.broker.DefaultSubscriptionRegistry@3670af2b]]
2026-07-10T13:44:33.686+05:30  INFO 18984 --- [           main] o.s.m.s.b.SimpleBrokerMessageHandler     : Started.
2026-07-10T13:44:33.704+05:30  INFO 18984 --- [           main] .t.s.SmartTrafficBackendApplicationTests : Started SmartTrafficBackendApplicationTests in 17.33 seconds (process running for 19.926)
]]></system-out>
    <system-err><![CDATA[Mockito is currently self-attaching to enable the inline-mock-maker. This will no longer work in future releases of the JDK. Please add Mockito as an agent to your build as described in Mockito's documentation: https://javadoc.io/doc/org.mockito/mockito-core/latest/org.mockito/org/mockito/Mockito.html#0.3
WARNING: A Java agent has been loaded dynamically (C:\Users\62063\.m2\repository\net\bytebuddy\byte-buddy-agent\1.17.8\byte-buddy-agent-1.17.8.jar)
WARNING: If a serviceability tool is in use, please run with -XX:+EnableDynamicAgentLoading to hide this warning
WARNING: If a serviceability tool is not in use, please run with -Djdk.instrument.traceUsage for more information
WARNING: Dynamic loading of agents will be disallowed by default in a future release
]]></system-err>
  </testcase>
</testsuite>